<?xml version="1.0" encoding="UTF-8"?>
<testng-results ignored="0" total="1" passed="1" failed="0" skipped="0">
  <reporter-output>
  </reporter-output>
  <suite started-at="2021-10-16T14:00:32 IST" name="Default suite" finished-at="2021-10-16T14:00:56 IST" duration-ms="23280">
    <groups>
    </groups>
    <test started-at="2021-10-16T14:00:32 IST" name="Default test" finished-at="2021-10-16T14:00:56 IST" duration-ms="23280">
      <class name="TestCases.MailTests">
        <test-method signature="writeMailTest()[pri:0, instance:TestCases.MailTests@71e9ddb4]" started-at="2021-10-16T14:00:32 IST" name="writeMailTest" finished-at="2021-10-16T14:00:51 IST" duration-ms="18916" status="PASS">
          <reporter-output>
          </reporter-output>
        </test-method> <!-- writeMailTest -->
        <test-method is-config="true" signature="flushReports()[pri:0, instance:TestCases.MailTests@71e9ddb4]" started-at="2021-10-16T14:00:51 IST" name="flushReports" finished-at="2021-10-16T14:00:56 IST" duration-ms="4341" status="PASS">
          <reporter-output>
          </reporter-output>
        </test-method> <!-- flushReports -->
      </class> <!-- TestCases.MailTests -->
    </test> <!-- Default test -->
  </suite> <!-- Default suite -->
</testng-results>
